2025-07-19 13:43:46 GMT [49]: [3-1] user= db= LOG:  starting PostgreSQL 15.13 (Debian 15.13-1.pgdg120+1) on x86_64-pc-linux-gnu, compiled by gcc (Debian 12.2.0-14) 12.2.0, 64-bit
2025-07-19 13:43:46 GMT [49]: [4-1] user= db= LOG:  listening on Unix socket "/var/run/postgresql/.s.PGSQL.5432"
2025-07-19 13:43:46 GMT [53]: [1-1] user= db= LOG:  database system was shut down at 2025-07-19 13:43:46 GMT
2025-07-19 13:43:46 GMT [49]: [5-1] user= db= LOG:  database system is ready to accept connections
2025-07-19 13:43:47 GMT [59]: [1-1] user=[unknown] db=[unknown] LOG:  connection received: host=[local]
2025-07-19 13:43:47 GMT [59]: [2-1] user=crypto db=postgres LOG:  connection authorized: user=crypto database=postgres application_name=psql
2025-07-19 13:43:47 GMT [59]: [3-1] user=crypto db=postgres LOG:  duration: 0.871 ms
2025-07-19 13:43:47 GMT [59]: [4-1] user=crypto db=postgres LOG:  disconnection: session time: 0:00:00.004 user=crypto database=postgres host=[local]
2025-07-19 13:43:47 GMT [61]: [1-1] user=[unknown] db=[unknown] LOG:  connection received: host=[local]
2025-07-19 13:43:47 GMT [61]: [2-1] user=crypto db=postgres LOG:  connection authorized: user=crypto database=postgres application_name=psql
2025-07-19 13:43:47 GMT [61]: [3-1] user=crypto db=postgres LOG:  statement: CREATE DATABASE "crypto_api" ;
2025-07-19 13:43:47 GMT [61]: [4-1] user=crypto db=postgres LOG:  duration: 48.490 ms
2025-07-19 13:43:47 GMT [61]: [5-1] user=crypto db=postgres LOG:  disconnection: session time: 0:00:00.050 user=crypto database=postgres host=[local]
2025-07-19 13:43:47 GMT [49]: [6-1] user= db= LOG:  received fast shutdown request
2025-07-19 13:43:47 GMT [49]: [7-1] user= db= LOG:  aborting any active transactions
2025-07-19 13:43:47 GMT [49]: [8-1] user= db= LOG:  background worker "logical replication launcher" (PID 56) exited with exit code 1
2025-07-19 13:43:47 GMT [51]: [1-1] user= db= LOG:  shutting down
2025-07-19 13:43:47 GMT [51]: [2-1] user= db= LOG:  checkpoint starting: shutdown immediate
2025-07-19 13:43:47 GMT [51]: [3-1] user= db= LOG:  checkpoint complete: wrote 918 buffers (5.6%); 0 WAL file(s) added, 0 removed, 0 recycled; write=0.023 s, sync=0.057 s, total=0.088 s; sync files=301, longest=0.002 s, average=0.001 s; distance=4222 kB, estimate=4222 kB
2025-07-19 13:43:47 GMT [49]: [9-1] user= db= LOG:  database system is shut down
2025-07-19 13:43:47 GMT [1]: [3-1] user= db= LOG:  starting PostgreSQL 15.13 (Debian 15.13-1.pgdg120+1) on x86_64-pc-linux-gnu, compiled by gcc (Debian 12.2.0-14) 12.2.0, 64-bit
2025-07-19 13:43:47 GMT [1]: [4-1] user= db= LOG:  listening on IPv4 address "0.0.0.0", port 5432
2025-07-19 13:43:47 GMT [1]: [5-1] user= db= LOG:  listening on IPv6 address "::", port 5432
2025-07-19 13:43:47 GMT [1]: [6-1] user= db= LOG:  listening on Unix socket "/var/run/postgresql/.s.PGSQL.5432"
2025-07-19 13:43:47 GMT [67]: [1-1] user= db= LOG:  database system was shut down at 2025-07-19 13:43:47 GMT
2025-07-19 13:43:47 GMT [1]: [7-1] user= db= LOG:  database system is ready to accept connections
2025-07-19 13:48:49 GMT [65]: [1-1] user= db= LOG:  checkpoint starting: time
2025-07-19 13:48:53 GMT [65]: [2-1] user= db= LOG:  checkpoint complete: wrote 44 buffers (0.3%); 0 WAL file(s) added, 0 removed, 0 recycled; write=4.005 s, sync=0.003 s, total=4.012 s; sync files=12, longest=0.001 s, average=0.001 s; distance=252 kB, estimate=252 kB
2025-07-19 13:49:32 GMT [1]: [8-1] user= db= LOG:  received fast shutdown request
2025-07-19 13:49:32 GMT [1]: [9-1] user= db= LOG:  aborting any active transactions
2025-07-19 13:49:32 GMT [1]: [10-1] user= db= LOG:  background worker "logical replication launcher" (PID 70) exited with exit code 1
2025-07-19 13:49:32 GMT [65]: [3-1] user= db= LOG:  shutting down
2025-07-19 13:49:32 GMT [65]: [4-1] user= db= LOG:  checkpoint starting: shutdown immediate
2025-07-19 13:49:32 GMT [65]: [5-1] user= db= LOG:  checkpoint complete: wrote 0 buffers (0.0%); 0 WAL file(s) added, 0 removed, 0 recycled; write=0.001 s, sync=0.001 s, total=0.005 s; sync files=0, longest=0.000 s, average=0.000 s; distance=0 kB, estimate=227 kB
2025-07-19 13:49:32 GMT [1]: [11-1] user= db= LOG:  database system is shut down
2025-07-19 13:49:47 GMT [48]: [3-1] user= db= LOG:  starting PostgreSQL 15.13 (Debian 15.13-1.pgdg120+1) on x86_64-pc-linux-gnu, compiled by gcc (Debian 12.2.0-14) 12.2.0, 64-bit
2025-07-19 13:49:47 GMT [48]: [4-1] user= db= LOG:  listening on Unix socket "/var/run/postgresql/.s.PGSQL.5432"
2025-07-19 13:49:47 GMT [52]: [1-1] user= db= LOG:  database system was shut down at 2025-07-19 13:49:47 GMT
2025-07-19 13:49:47 GMT [48]: [5-1] user= db= LOG:  database system is ready to accept connections
2025-07-19 13:49:47 GMT [58]: [1-1] user=[unknown] db=[unknown] LOG:  connection received: host=[local]
2025-07-19 13:49:47 GMT [58]: [2-1] user=crypto db=postgres LOG:  connection authorized: user=crypto database=postgres application_name=psql
2025-07-19 13:49:47 GMT [58]: [3-1] user=crypto db=postgres LOG:  duration: 1.274 ms
2025-07-19 13:49:47 GMT [58]: [4-1] user=crypto db=postgres LOG:  disconnection: session time: 0:00:00.005 user=crypto database=postgres host=[local]
2025-07-19 13:49:47 GMT [60]: [1-1] user=[unknown] db=[unknown] LOG:  connection received: host=[local]
2025-07-19 13:49:47 GMT [60]: [2-1] user=crypto db=postgres LOG:  connection authorized: user=crypto database=postgres application_name=psql
2025-07-19 13:49:47 GMT [60]: [3-1] user=crypto db=postgres LOG:  statement: CREATE DATABASE "crypto_api" ;
2025-07-19 13:49:47 GMT [60]: [4-1] user=crypto db=postgres LOG:  duration: 49.279 ms
2025-07-19 13:49:47 GMT [60]: [5-1] user=crypto db=postgres LOG:  disconnection: session time: 0:00:00.051 user=crypto database=postgres host=[local]
2025-07-19 13:49:47 GMT [48]: [6-1] user= db= LOG:  received fast shutdown request
2025-07-19 13:49:47 GMT [48]: [7-1] user= db= LOG:  aborting any active transactions
2025-07-19 13:49:47 GMT [48]: [8-1] user= db= LOG:  background worker "logical replication launcher" (PID 55) exited with exit code 1
2025-07-19 13:49:47 GMT [50]: [1-1] user= db= LOG:  shutting down
2025-07-19 13:49:47 GMT [50]: [2-1] user= db= LOG:  checkpoint starting: shutdown immediate
2025-07-19 13:49:48 GMT [50]: [3-1] user= db= LOG:  checkpoint complete: wrote 918 buffers (5.6%); 0 WAL file(s) added, 0 removed, 0 recycled; write=0.023 s, sync=0.053 s, total=0.091 s; sync files=301, longest=0.002 s, average=0.001 s; distance=4222 kB, estimate=4222 kB
2025-07-19 13:49:48 GMT [48]: [9-1] user= db= LOG:  database system is shut down
2025-07-19 13:49:48 GMT [1]: [3-1] user= db= LOG:  starting PostgreSQL 15.13 (Debian 15.13-1.pgdg120+1) on x86_64-pc-linux-gnu, compiled by gcc (Debian 12.2.0-14) 12.2.0, 64-bit
2025-07-19 13:49:48 GMT [1]: [4-1] user= db= LOG:  listening on IPv4 address "0.0.0.0", port 5432
2025-07-19 13:49:48 GMT [1]: [5-1] user= db= LOG:  listening on IPv6 address "::", port 5432
2025-07-19 13:49:48 GMT [1]: [6-1] user= db= LOG:  listening on Unix socket "/var/run/postgresql/.s.PGSQL.5432"
2025-07-19 13:49:48 GMT [66]: [1-1] user= db= LOG:  database system was shut down at 2025-07-19 13:49:47 GMT
2025-07-19 13:49:48 GMT [1]: [7-1] user= db= LOG:  database system is ready to accept connections
2025-07-19 13:52:31 GMT [1]: [8-1] user= db= LOG:  received fast shutdown request
2025-07-19 13:52:31 GMT [1]: [9-1] user= db= LOG:  aborting any active transactions
2025-07-19 13:52:31 GMT [1]: [10-1] user= db= LOG:  background worker "logical replication launcher" (PID 69) exited with exit code 1
2025-07-19 13:52:31 GMT [64]: [1-1] user= db= LOG:  shutting down
2025-07-19 13:52:31 GMT [64]: [2-1] user= db= LOG:  checkpoint starting: shutdown immediate
2025-07-19 13:52:31 GMT [64]: [3-1] user= db= LOG:  checkpoint complete: wrote 44 buffers (0.3%); 0 WAL file(s) added, 0 removed, 0 recycled; write=0.006 s, sync=0.004 s, total=0.022 s; sync files=12, longest=0.002 s, average=0.001 s; distance=252 kB, estimate=252 kB
2025-07-19 13:52:31 GMT [1]: [11-1] user= db= LOG:  database system is shut down
2025-07-19 13:52:36 GMT [48]: [3-1] user= db= LOG:  starting PostgreSQL 15.13 (Debian 15.13-1.pgdg120+1) on x86_64-pc-linux-gnu, compiled by gcc (Debian 12.2.0-14) 12.2.0, 64-bit
2025-07-19 13:52:36 GMT [48]: [4-1] user= db= LOG:  listening on Unix socket "/var/run/postgresql/.s.PGSQL.5432"
2025-07-19 13:52:36 GMT [52]: [1-1] user= db= LOG:  database system was shut down at 2025-07-19 13:52:35 GMT
2025-07-19 13:52:36 GMT [48]: [5-1] user= db= LOG:  database system is ready to accept connections
2025-07-19 13:52:36 GMT [58]: [1-1] user=[unknown] db=[unknown] LOG:  connection received: host=[local]
2025-07-19 13:52:36 GMT [58]: [2-1] user=crypto db=postgres LOG:  connection authorized: user=crypto database=postgres application_name=psql
2025-07-19 13:52:36 GMT [58]: [3-1] user=crypto db=postgres LOG:  duration: 0.819 ms
2025-07-19 13:52:36 GMT [58]: [4-1] user=crypto db=postgres LOG:  disconnection: session time: 0:00:00.005 user=crypto database=postgres host=[local]
2025-07-19 13:52:36 GMT [60]: [1-1] user=[unknown] db=[unknown] LOG:  connection received: host=[local]
2025-07-19 13:52:36 GMT [60]: [2-1] user=crypto db=postgres LOG:  connection authorized: user=crypto database=postgres application_name=psql
2025-07-19 13:52:36 GMT [60]: [3-1] user=crypto db=postgres LOG:  statement: CREATE DATABASE "crypto_api" ;
2025-07-19 13:52:36 GMT [60]: [4-1] user=crypto db=postgres LOG:  duration: 44.280 ms
2025-07-19 13:52:36 GMT [60]: [5-1] user=crypto db=postgres LOG:  disconnection: session time: 0:00:00.046 user=crypto database=postgres host=[local]
2025-07-19 13:52:36 GMT [48]: [6-1] user= db= LOG:  received fast shutdown request
2025-07-19 13:52:36 GMT [48]: [7-1] user= db= LOG:  aborting any active transactions
2025-07-19 13:52:36 GMT [48]: [8-1] user= db= LOG:  background worker "logical replication launcher" (PID 55) exited with exit code 1
2025-07-19 13:52:36 GMT [50]: [1-1] user= db= LOG:  shutting down
2025-07-19 13:52:36 GMT [50]: [2-1] user= db= LOG:  checkpoint starting: shutdown immediate
2025-07-19 13:52:36 GMT [50]: [3-1] user= db= LOG:  checkpoint complete: wrote 918 buffers (5.6%); 0 WAL file(s) added, 0 removed, 0 recycled; write=0.028 s, sync=0.052 s, total=0.091 s; sync files=301, longest=0.002 s, average=0.001 s; distance=4222 kB, estimate=4222 kB
2025-07-19 13:52:36 GMT [48]: [9-1] user= db= LOG:  database system is shut down
2025-07-19 13:52:36 GMT [1]: [3-1] user= db= LOG:  starting PostgreSQL 15.13 (Debian 15.13-1.pgdg120+1) on x86_64-pc-linux-gnu, compiled by gcc (Debian 12.2.0-14) 12.2.0, 64-bit
2025-07-19 13:52:36 GMT [1]: [4-1] user= db= LOG:  listening on IPv4 address "0.0.0.0", port 5432
2025-07-19 13:52:36 GMT [1]: [5-1] user= db= LOG:  listening on IPv6 address "::", port 5432
2025-07-19 13:52:36 GMT [1]: [6-1] user= db= LOG:  listening on Unix socket "/var/run/postgresql/.s.PGSQL.5432"
2025-07-19 13:52:36 GMT [66]: [1-1] user= db= LOG:  database system was shut down at 2025-07-19 13:52:36 GMT
2025-07-19 13:52:36 GMT [1]: [7-1] user= db= LOG:  database system is ready to accept connections
2025-07-19 13:54:01 GMT [1]: [8-1] user= db= LOG:  received fast shutdown request
2025-07-19 13:54:01 GMT [1]: [9-1] user= db= LOG:  aborting any active transactions
2025-07-19 13:54:01 GMT [1]: [10-1] user= db= LOG:  background worker "logical replication launcher" (PID 69) exited with exit code 1
2025-07-19 13:54:01 GMT [64]: [1-1] user= db= LOG:  shutting down
2025-07-19 13:54:01 GMT [64]: [2-1] user= db= LOG:  checkpoint starting: shutdown immediate
2025-07-19 13:54:01 GMT [64]: [3-1] user= db= LOG:  checkpoint complete: wrote 42 buffers (0.3%); 0 WAL file(s) added, 0 removed, 0 recycled; write=0.005 s, sync=0.004 s, total=0.019 s; sync files=12, longest=0.002 s, average=0.001 s; distance=229 kB, estimate=229 kB
2025-07-19 13:54:01 GMT [1]: [11-1] user= db= LOG:  database system is shut down
2025-07-19 13:59:22 GMT [48]: [3-1] user= db= LOG:  starting PostgreSQL 15.13 (Debian 15.13-1.pgdg120+1) on x86_64-pc-linux-gnu, compiled by gcc (Debian 12.2.0-14) 12.2.0, 64-bit
2025-07-19 13:59:22 GMT [48]: [4-1] user= db= LOG:  listening on Unix socket "/var/run/postgresql/.s.PGSQL.5432"
2025-07-19 13:59:22 GMT [52]: [1-1] user= db= LOG:  database system was shut down at 2025-07-19 13:59:22 GMT
2025-07-19 13:59:22 GMT [48]: [5-1] user= db= LOG:  database system is ready to accept connections
2025-07-19 13:59:22 GMT [58]: [1-1] user=[unknown] db=[unknown] LOG:  connection received: host=[local]
2025-07-19 13:59:22 GMT [58]: [2-1] user=crypto db=postgres LOG:  connection authorized: user=crypto database=postgres application_name=psql
2025-07-19 13:59:22 GMT [58]: [3-1] user=crypto db=postgres LOG:  duration: 1.262 ms
2025-07-19 13:59:22 GMT [58]: [4-1] user=crypto db=postgres LOG:  disconnection: session time: 0:00:00.006 user=crypto database=postgres host=[local]
2025-07-19 13:59:22 GMT [60]: [1-1] user=[unknown] db=[unknown] LOG:  connection received: host=[local]
2025-07-19 13:59:22 GMT [60]: [2-1] user=crypto db=postgres LOG:  connection authorized: user=crypto database=postgres application_name=psql
2025-07-19 13:59:22 GMT [60]: [3-1] user=crypto db=postgres LOG:  statement: CREATE DATABASE "crypto_api" ;
2025-07-19 13:59:22 GMT [60]: [4-1] user=crypto db=postgres LOG:  duration: 48.057 ms
2025-07-19 13:59:22 GMT [60]: [5-1] user=crypto db=postgres LOG:  disconnection: session time: 0:00:00.050 user=crypto database=postgres host=[local]
2025-07-19 13:59:22 GMT [48]: [6-1] user= db= LOG:  received fast shutdown request
2025-07-19 13:59:22 GMT [48]: [7-1] user= db= LOG:  aborting any active transactions
2025-07-19 13:59:22 GMT [48]: [8-1] user= db= LOG:  background worker "logical replication launcher" (PID 55) exited with exit code 1
2025-07-19 13:59:22 GMT [50]: [1-1] user= db= LOG:  shutting down
2025-07-19 13:59:22 GMT [50]: [2-1] user= db= LOG:  checkpoint starting: shutdown immediate
2025-07-19 13:59:23 GMT [50]: [3-1] user= db= LOG:  checkpoint complete: wrote 918 buffers (5.6%); 0 WAL file(s) added, 0 removed, 0 recycled; write=0.028 s, sync=0.055 s, total=0.091 s; sync files=301, longest=0.002 s, average=0.001 s; distance=4222 kB, estimate=4222 kB
2025-07-19 13:59:23 GMT [48]: [9-1] user= db= LOG:  database system is shut down
2025-07-19 13:59:23 GMT [1]: [3-1] user= db= LOG:  starting PostgreSQL 15.13 (Debian 15.13-1.pgdg120+1) on x86_64-pc-linux-gnu, compiled by gcc (Debian 12.2.0-14) 12.2.0, 64-bit
2025-07-19 13:59:23 GMT [1]: [4-1] user= db= LOG:  listening on IPv4 address "0.0.0.0", port 5432
2025-07-19 13:59:23 GMT [1]: [5-1] user= db= LOG:  listening on IPv6 address "::", port 5432
2025-07-19 13:59:23 GMT [1]: [6-1] user= db= LOG:  listening on Unix socket "/var/run/postgresql/.s.PGSQL.5432"
2025-07-19 13:59:23 GMT [66]: [1-1] user= db= LOG:  database system was shut down at 2025-07-19 13:59:23 GMT
2025-07-19 13:59:23 GMT [1]: [7-1] user= db= LOG:  database system is ready to accept connections
2025-07-19 19:17:20 GMT [64]: [1-1] user= db= LOG:  checkpoint starting: time
2025-07-19 19:17:24 GMT [64]: [2-1] user= db= LOG:  checkpoint complete: wrote 44 buffers (0.3%); 0 WAL file(s) added, 0 removed, 0 recycled; write=3.746 s, sync=0.004 s, total=3.755 s; sync files=12, longest=0.002 s, average=0.001 s; distance=252 kB, estimate=252 kB
